[debug] [2023-01-26T04:14:13.540Z] ----------------------------------------------------------------------
[debug] [2023-01-26T04:14:13.541Z] Command:       /usr/local/bin/node /usr/local/bin/firebase init
[debug] [2023-01-26T04:14:13.542Z] CLI Version:   11.21.0
[debug] [2023-01-26T04:14:13.542Z] Platform:      linux
[debug] [2023-01-26T04:14:13.542Z] Node Version:  v18.12.1
[debug] [2023-01-26T04:14:13.542Z] Time:          Thu Jan 26 2023 09:44:13 GMT+0530 (India Standard Time)
[debug] [2023-01-26T04:14:13.543Z] ----------------------------------------------------------------------
[debug] 
[debug] [2023-01-26T04:14:13.547Z] > command requires scopes: ["email","openid","https://www.googleapis.com/auth/cloudplatformprojects.readonly","https://www.googleapis.com/auth/firebase","https://www.googleapis.com/auth/cloud-platform"]
[debug] [2023-01-26T04:14:13.548Z] > authorizing via signed-in user (varun.001raone@gmail.com)
[info] 
     ######## #### ########  ######## ########     ###     ######  ########
     ##        ##  ##     ## ##       ##     ##  ##   ##  ##       ##
     ######    ##  ########  ######   ########  #########  ######  ######
     ##        ##  ##    ##  ##       ##     ## ##     ##       ## ##
     ##       #### ##     ## ######## ########  ##     ##  ######  ########

You're about to initialize a Firebase project in this directory:

  /home/asus/Desktop/ngen/ngen-basic

[info] 
=== Project Setup
[info] 
[info] First, let's associate this project directory with a Firebase project.
[info] You can create multiple project aliases by running firebase use --add, 
[info] but for now we'll just set up a default project.
[info] 
[debug] [2023-01-26T04:25:11.835Z] >>> [apiv2][query] GET https://firebase.googleapis.com/v1beta1/projects pageSize=100
[debug] [2023-01-26T04:25:12.821Z] <<< [apiv2][status] GET https://firebase.googleapis.com/v1beta1/projects 200
[debug] [2023-01-26T04:25:12.821Z] <<< [apiv2][body] GET https://firebase.googleapis.com/v1beta1/projects [omitted]
[info] i  Using project nextgen-jan26 (NextGen-jan26) 
[info] 
=== Hosting Setup
[info] 
[info] Your public directory is the folder (relative to your project directory) that
[info] will contain Hosting assets to be uploaded with firebase deploy. If you
[info] have a build process for your assets, use your build's output directory.
[info] 
[debug] [2023-01-26T04:25:47.657Z] >>> [apiv2][query] GET https://www.gstatic.com/firebasejs/releases.json [none]
[debug] [2023-01-26T04:25:48.079Z] <<< [apiv2][status] GET https://www.gstatic.com/firebasejs/releases.json 200
[debug] [2023-01-26T04:25:48.080Z] <<< [apiv2][body] GET https://www.gstatic.com/firebasejs/releases.json {"current":{"version":"9.16.0","browserURL":"https://www.gstatic.com/firebasejs/9.16.0/firebase.js","packageURL":"https://www.gstatic.com/firebasejs/9.16.0/firebase.tgz"},"live":{"version":"9.16","browserURL":"https://www.gstatic.com/firebasejs/live/9.16/firebase.js","packageURL":"https://www.gstatic.com/firebasejs/live/9.16/firebase.tgz"},"components":{"analytics":"https://www.gstatic.com/firebasejs/9.16.0/firebase-analytics.js","app":"https://www.gstatic.com/firebasejs/9.16.0/firebase-app.js","app-check":"https://www.gstatic.com/firebasejs/9.16.0/firebase-app-check.js","auth":"https://www.gstatic.com/firebasejs/9.16.0/firebase-auth.js","auth/cordova":"https://www.gstatic.com/firebasejs/9.16.0/firebase-auth/cordova.js","auth/react-native":"https://www.gstatic.com/firebasejs/9.16.0/firebase-auth/react-native.js","functions":"https://www.gstatic.com/firebasejs/9.16.0/firebase-functions.js","firestore":"https://www.gstatic.com/firebasejs/9.16.0/firebase-firestore.js","firestore/lite":"https://www.gstatic.com/firebasejs/9.16.0/firebase-firestore/lite.js","installations":"https://www.gstatic.com/firebasejs/9.16.0/firebase-installations.js","storage":"https://www.gstatic.com/firebasejs/9.16.0/firebase-storage.js","performance":"https://www.gstatic.com/firebasejs/9.16.0/firebase-performance.js","remote-config":"https://www.gstatic.com/firebasejs/9.16.0/firebase-remote-config.js","messaging":"https://www.gstatic.com/firebasejs/9.16.0/firebase-messaging.js","messaging/sw":"https://www.gstatic.com/firebasejs/9.16.0/firebase-messaging/sw.js","database":"https://www.gstatic.com/firebasejs/9.16.0/firebase-database.js","firestore.memory":"https://www.gstatic.com/firebasejs/9.16.0/firebase-firestore.memory.js"}}
[info] ✔  Wrote build/index.html 
[info] 
[info] i  Detected a .git folder at /home/asus/Desktop/ngen/ngen-basic 
[info] i  Authorizing with GitHub to upload your service account to a GitHub repository's secrets store. 
[info] 
[info] Visit this URL on this device to log in:
[info] https://github.com/login/oauth/authorize?client_id=89cf50f02ac6aaed3484&state=996420794&redirect_uri=http%3A%2F%2Flocalhost%3A9005&scope=read%3Auser%20repo%20public_repo
[info] 
[info] Waiting for authentication...
[debug] [2023-01-26T04:27:05.073Z] >>> [apiv2][query] POST https://github.com/login/oauth/access_token [none]
[debug] [2023-01-26T04:27:05.073Z] >>> [apiv2][body] POST https://github.com/login/oauth/access_token [stream]
[debug] [2023-01-26T04:27:05.584Z] <<< [apiv2][status] POST https://github.com/login/oauth/access_token 200
[debug] [2023-01-26T04:27:05.585Z] <<< [apiv2][body] POST https://github.com/login/oauth/access_token {"access_token":"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","token_type":"bearer","scope":"read:user,repo"}
[debug] [2023-01-26T04:27:05.594Z] >>> [apiv2][query] GET https://api.github.com/user [none]
[debug] [2023-01-26T04:27:06.117Z] <<< [apiv2][status] GET https://api.github.com/user 200
[debug] [2023-01-26T04:27:06.117Z] <<< [apiv2][body] GET https://api.github.com/user {"login":"Varun-L","id":51707813,"node_id":"MDQ6VXNlcjUxNzA3ODEz","avatar_url":"https://avatars.githubusercontent.com/u/51707813?v=4","gravatar_id":"","url":"https://api.github.com/users/Varun-L","html_url":"https://github.com/Varun-L","followers_url":"https://api.github.com/users/Varun-L/followers","following_url":"https://api.github.com/users/Varun-L/following{/other_user}","gists_url":"https://api.github.com/users/Varun-L/gists{/gist_id}","starred_url":"https://api.github.com/users/Varun-L/starred{/owner}{/repo}","subscriptions_url":"https://api.github.com/users/Varun-L/subscriptions","organizations_url":"https://api.github.com/users/Varun-L/orgs","repos_url":"https://api.github.com/users/Varun-L/repos","events_url":"https://api.github.com/users/Varun-L/events{/privacy}","received_events_url":"https://api.github.com/users/Varun-L/received_events","type":"User","site_admin":false,"name":null,"company":null,"blog":"","location":null,"email":null,"hireable":null,"bio":null,"twitter_username":null,"public_repos":4,"public_gists":0,"followers":2,"following":1,"created_at":"2019-06-11T13:03:15Z","updated_at":"2023-01-26T04:26:48Z","private_gists":1,"total_private_repos":19,"owned_private_repos":19,"disk_usage":17770,"collaborators":2,"two_factor_authentication":false,"plan":{"name":"free","space":976562499,"collaborators":0,"private_repos":10000}}
[info] 
[info] ✔  Success! Logged into GitHub as Varun-L 
[info] 
